[debug] [2020-12-03T00:24:51.064Z] ----------------------------------------------------------------------
[debug] [2020-12-03T00:24:51.065Z] Command:       C:\Program Files\nodejs\node.exe C:\Users\IiIHK\AppData\Roaming\npm\node_modules\firebase-tools\lib\bin\firebase.js init
[debug] [2020-12-03T00:24:51.066Z] CLI Version:   8.17.0
[debug] [2020-12-03T00:24:51.066Z] Platform:      win32
[debug] [2020-12-03T00:24:51.066Z] Node Version:  v14.5.0
[debug] [2020-12-03T00:24:51.067Z] Time:          Thu Dec 03 2020 07:24:51 GMT+0700 (Indochina Time)
[debug] [2020-12-03T00:24:51.067Z] ----------------------------------------------------------------------
[debug] [2020-12-03T00:24:51.067Z] 
[debug] [2020-12-03T00:24:51.069Z] >>> [apiv2][query] GET https://firebase-public.firebaseio.com/cli.json [none]
[debug] [2020-12-03T00:24:51.088Z] > command requires scopes: ["email","openid","https://www.googleapis.com/auth/cloudplatformprojects.readonly","https://www.googleapis.com/auth/firebase","https://www.googleapis.com/auth/cloud-platform"]
[debug] [2020-12-03T00:24:51.088Z] > authorizing via signed-in user
[info] 
     ######## #### ########  ######## ########     ###     ######  ########
     ##        ##  ##     ## ##       ##     ##  ##   ##  ##       ##
     ######    ##  ########  ######   ########  #########  ######  ######
     ##        ##  ##    ##  ##       ##     ## ##     ##       ## ##
     ##       #### ##     ## ######## ########  ##     ##  ######  ########

You're about to initialize a Firebase project in this directory:

  C:\Project\JIRA-backend

Before we get started, keep in mind:

  * You are currently outside your home directory

[debug] [2020-12-03T00:24:51.842Z] <<< [apiv2][status] GET https://firebase-public.firebaseio.com/cli.json 200
[debug] [2020-12-03T00:24:51.842Z] <<< [apiv2][body] GET https://firebase-public.firebaseio.com/cli.json {"cloudBuildErrorAfter":1594252800000,"cloudBuildWarnAfter":1590019200000,"defaultNode10After":1594252800000,"minVersion":"3.0.5","node8DeploysDisabledAfter":1613390400000,"node8RuntimeDisabledAfter":1615809600000,"node8WarnAfter":1600128000000}
